#-----------------------------------------------------------
# Vivado v2024.2 (64-bit)
# SW Build 5239630 on Fri Nov 08 22:35:27 MST 2024
# IP Build 5239520 on Sun Nov 10 16:12:51 MST 2024
# SharedData Build 5239561 on Fri Nov 08 14:39:27 MST 2024
# Start of session at: Wed Feb  5 13:56:26 2025
# Process ID         : 25352
# Current directory  : C:/Users/C27Charles.Liermann/Documents/ECE281/Labs/Prelab-quan
# Command line       : vivado.exe -gui_launcher_event rodinguilauncherevent21068 C:\Users\C27Charles.Liermann\Documents\ECE281\Labs\Prelab-quan\thirtyoneday.xpr
# Log file           : C:/Users/C27Charles.Liermann/Documents/ECE281/Labs/Prelab-quan/vivado.log
# Journal file       : C:/Users/C27Charles.Liermann/Documents/ECE281/Labs/Prelab-quan\vivado.jou
# Running On         : C27-5CG31326RQ
# Platform           : Windows Server 2016 or Windows 10
# Operating System   : 22631
# Processor Detail   : AMD Ryzen 7 PRO 6850U with Radeon Graphics     
# CPU Frequency      : 2695 MHz
# CPU Physical cores : 8
# CPU Logical cores  : 16
# Host memory        : 16442 MB
# Swap memory        : 13421 MB
# Total Virtual      : 29864 MB
# Available Virtual  : 11925 MB
#-----------------------------------------------------------
start_gui
open_project C:/Users/C27Charles.Liermann/Documents/ECE281/Labs/Prelab-quan/thirtyoneday.xpr
INFO: [Project 1-313] Project file moved from './ece281-lab1' since last save.
INFO: [filemgmt 56-3] Default IP Output Path : Could not find the directory 'C:/Users/C27Charles.Liermann/Documents/ECE281/Labs/Prelab-quan/thirtyoneday.gen/sources_1'.
WARNING: [filemgmt 56-3] IPUserFilesDir: Could not find the directory 'C:/Users/C27Charles.Liermann/Documents/ECE281/Labs/Prelab-quan/thirtyoneday.ip_user_files'.
Scanning sources...
Finished scanning sources
INFO: [Project 1-230] Project 'thirtyoneday.xpr' upgraded for this version of Vivado.
INFO: [IP_Flow 19-234] Refreshing IP repositories
INFO: [IP_Flow 19-1704] No user IP repositories specified
INFO: [IP_Flow 19-2313] Loaded Vivado IP repository 'C:/Xilinx/Vivado/2024.2/data/ip'.
update_compile_order -fileset sources_1
WARNING: [filemgmt 56-199] Attempt to get parsing info during refresh. "On-the-fly" syntax checking information may be incorrect. [C:\Users\C27Charles.Liermann\Documents\ECE281\Labs\Prelab-quan\src\thirtyOneDayMonth_tb.vhd:]
WARNING: [filemgmt 56-199] Attempt to get parsing info during refresh. "On-the-fly" syntax checking information may be incorrect. [C:\Users\C27Charles.Liermann\Documents\ECE281\Labs\Prelab-quan\src\thirtyOneDayMonth.vhd:]
WARNING: [filemgmt 56-199] Attempt to get parsing info during refresh. "On-the-fly" syntax checking information may be incorrect. [C:\Users\C27Charles.Liermann\Documents\ECE281\Labs\Prelab-quan\src\thirtyOneDayMonth.vhd:]
WARNING: [filemgmt 56-199] Attempt to get parsing info during refresh. "On-the-fly" syntax checking information may be incorrect. [C:\Users\C27Charles.Liermann\Documents\ECE281\Labs\Prelab-quan\src\thirtyOneDayMonth.vhd:]
ERROR: [Common 17-180] Spawn failed: No error
WARNING: [filemgmt 56-199] Attempt to get parsing info during refresh. "On-the-fly" syntax checking information may be incorrect. [C:\Users\C27Charles.Liermann\Documents\ECE281\Labs\Prelab-quan\src\thirtyOneDayMonth_tb.vhd:]
WARNING: [filemgmt 56-199] Attempt to get parsing info during refresh. "On-the-fly" syntax checking information may be incorrect. [C:\Users\C27Charles.Liermann\Documents\ECE281\Labs\Prelab-quan\src\thirtyOneDayMonth.vhd:]
WARNING: [filemgmt 56-199] Attempt to get parsing info during refresh. "On-the-fly" syntax checking information may be incorrect. [C:\Users\C27Charles.Liermann\Documents\ECE281\Labs\Prelab-quan\src\thirtyOneDayMonth.vhd:]
WARNING: [filemgmt 56-199] Attempt to get parsing info during refresh. "On-the-fly" syntax checking information may be incorrect. [C:\Users\C27Charles.Liermann\Documents\ECE281\Labs\Prelab-quan\src\thirtyOneDayMonth.vhd:]
ERROR: [Common 17-180] Spawn failed: No error
launch_simulation
Command: launch_simulation 
INFO: [Vivado 12-12493] Simulation top is 'thirtyOneDayMonth_tb'
WARNING: [Vivado 12-13340] Unable to auto find GCC executables from simulator install path! (path not set)
INFO: [Vivado 12-5682] Launching behavioral simulation in 'C:/Users/C27Charles.Liermann/Documents/ECE281/Labs/Prelab-quan/thirtyoneday.sim/sim_1/behav/xsim'
INFO: [SIM-utils-51] Simulation object is 'sim_1'
INFO: [SIM-utils-72] Using boost library from 'C:/Xilinx/Vivado/2024.2/tps/boost_1_72_0'
INFO: [SIM-utils-54] Inspecting design source files for 'thirtyOneDayMonth_tb' in fileset 'sim_1'...
INFO: [USF-XSim-97] Finding global include files...
INFO: [USF-XSim-98] Fetching design files from 'sim_1'...
INFO: [USF-XSim-2] XSim::Compile design
INFO: [USF-XSim-61] Executing 'COMPILE and ANALYZE' step in 'C:/Users/C27Charles.Liermann/Documents/ECE281/Labs/Prelab-quan/thirtyoneday.sim/sim_1/behav/xsim'
"xvhdl --incr --relax -prj thirtyOneDayMonth_tb_vhdl.prj"
INFO: [VRFC 10-163] Analyzing VHDL file "C:/Users/C27Charles.Liermann/Documents/ECE281/Labs/Prelab-quan/src/thirtyOneDayMonth.vhd" into library xil_defaultlib
INFO: [VRFC 10-3107] analyzing entity 'thirtyOneDayMonth'
INFO: [VRFC 10-163] Analyzing VHDL file "C:/Users/C27Charles.Liermann/Documents/ECE281/Labs/Prelab-quan/src/thirtyOneDayMonth_tb.vhd" into library xil_defaultlib
INFO: [VRFC 10-3107] analyzing entity 'thirtyOneDayMonth_tb'
INFO: [USF-XSim-69] 'compile' step finished in '3' seconds
INFO: [USF-XSim-3] XSim::Elaborate design
INFO: [USF-XSim-61] Executing 'ELABORATE' step in 'C:/Users/C27Charles.Liermann/Documents/ECE281/Labs/Prelab-quan/thirtyoneday.sim/sim_1/behav/xsim'
"xelab --incr --debug typical --relax --mt 2 -L xil_defaultlib -L secureip --snapshot thirtyOneDayMonth_tb_behav xil_defaultlib.thirtyOneDayMonth_tb -log elaborate.log"
Vivado Simulator v2024.2.0
Copyright 1986-2022 Xilinx, Inc. All Rights Reserved.
Copyright 2022-2024 Advanced Micro Devices, Inc. All Rights Reserved.
Running: C:/Xilinx/Vivado/2024.2/bin/unwrapped/win64.o/xelab.exe --incr --debug typical --relax --mt 2 -L xil_defaultlib -L secureip --snapshot thirtyOneDayMonth_tb_behav xil_defaultlib.thirtyOneDayMonth_tb -log elaborate.log 
Using 2 slave threads.
Starting static elaboration
Completed static elaboration
Starting simulation data flow analysis
Completed simulation data flow analysis
Time Resolution for simulation is 1ps
Compiling package std.standard
Compiling package std.textio
Compiling package ieee.std_logic_1164
Compiling package ieee.numeric_std
Compiling architecture thirtyonedaymonth_arch of entity xil_defaultlib.thirtyOneDayMonth [thirtyonedaymonth_default]
Compiling architecture test_bench of entity xil_defaultlib.thirtyonedaymonth_tb
Built simulation snapshot thirtyOneDayMonth_tb_behav
run_program: Time (s): cpu = 00:00:00 ; elapsed = 00:00:05 . Memory (MB): peak = 1142.770 ; gain = 0.000
INFO: [USF-XSim-69] 'elaborate' step finished in '6' seconds
INFO: [USF-XSim-4] XSim::Simulate design
INFO: [USF-XSim-61] Executing 'SIMULATE' step in 'C:/Users/C27Charles.Liermann/Documents/ECE281/Labs/Prelab-quan/thirtyoneday.sim/sim_1/behav/xsim'
INFO: [USF-XSim-98] *** Running xsim
   with args "thirtyOneDayMonth_tb_behav -key {Behavioral:sim_1:Functional:thirtyOneDayMonth_tb} -tclbatch {thirtyOneDayMonth_tb.tcl} -log {simulate.log}"
INFO: [USF-XSim-8] Loading simulator feature
Time resolution is 1 ps
source thirtyOneDayMonth_tb.tcl
# set curr_wave [current_wave_config]
# if { [string length $curr_wave] == 0 } {
#   if { [llength [get_objects]] > 0} {
#     add_wave /
#     set_property needs_save false [current_wave_config]
#   } else {
#      send_msg_id Add_Wave-1 WARNING "No top level signals found. Simulator will start without a wave window. If you want to open a wave window go to 'File->New Waveform Configuration' or type 'create_wave_config' in the TCL console."
#   }
# }
# run 1000ns
Failure: error on Feb
Time: 30 ns  Iteration: 0  Process: /thirtyOneDayMonth_tb/test_process  File: C:/Users/C27Charles.Liermann/Documents/ECE281/Labs/Prelab-quan/src/thirtyOneDayMonth_tb.vhd
$finish called at time : 30 ns : File "C:/Users/C27Charles.Liermann/Documents/ECE281/Labs/Prelab-quan/src/thirtyOneDayMonth_tb.vhd" Line 98
INFO: [USF-XSim-96] XSim completed. Design snapshot 'thirtyOneDayMonth_tb_behav' loaded.
INFO: [USF-XSim-97] XSim simulation ran for 1000ns
launch_simulation: Time (s): cpu = 00:00:02 ; elapsed = 00:00:16 . Memory (MB): peak = 1151.871 ; gain = 9.102
close_sim
INFO: [Simtcl 6-16] Simulation closed
launch_simulation
Command: launch_simulation 
INFO: [Vivado 12-12493] Simulation top is 'thirtyOneDayMonth_tb'
WARNING: [Vivado 12-13340] Unable to auto find GCC executables from simulator install path! (path not set)
INFO: [Vivado 12-5682] Launching behavioral simulation in 'C:/Users/C27Charles.Liermann/Documents/ECE281/Labs/Prelab-quan/thirtyoneday.sim/sim_1/behav/xsim'
INFO: [SIM-utils-51] Simulation object is 'sim_1'
INFO: [SIM-utils-72] Using boost library from 'C:/Xilinx/Vivado/2024.2/tps/boost_1_72_0'
INFO: [SIM-utils-54] Inspecting design source files for 'thirtyOneDayMonth_tb' in fileset 'sim_1'...
INFO: [USF-XSim-97] Finding global include files...
INFO: [USF-XSim-98] Fetching design files from 'sim_1'...
INFO: [USF-XSim-2] XSim::Compile design
INFO: [USF-XSim-61] Executing 'COMPILE and ANALYZE' step in 'C:/Users/C27Charles.Liermann/Documents/ECE281/Labs/Prelab-quan/thirtyoneday.sim/sim_1/behav/xsim'
"xvhdl --incr --relax -prj thirtyOneDayMonth_tb_vhdl.prj"
INFO: [USF-XSim-69] 'compile' step finished in '2' seconds
INFO: [USF-XSim-3] XSim::Elaborate design
INFO: [USF-XSim-61] Executing 'ELABORATE' step in 'C:/Users/C27Charles.Liermann/Documents/ECE281/Labs/Prelab-quan/thirtyoneday.sim/sim_1/behav/xsim'
"xelab --incr --debug typical --relax --mt 2 -L xil_defaultlib -L secureip --snapshot thirtyOneDayMonth_tb_behav xil_defaultlib.thirtyOneDayMonth_tb -log elaborate.log"
Vivado Simulator v2024.2.0
Copyright 1986-2022 Xilinx, Inc. All Rights Reserved.
Copyright 2022-2024 Advanced Micro Devices, Inc. All Rights Reserved.
Running: C:/Xilinx/Vivado/2024.2/bin/unwrapped/win64.o/xelab.exe --incr --debug typical --relax --mt 2 -L xil_defaultlib -L secureip --snapshot thirtyOneDayMonth_tb_behav xil_defaultlib.thirtyOneDayMonth_tb -log elaborate.log 
Using 2 slave threads.
Starting static elaboration
Completed static elaboration
INFO: [XSIM 43-4323] No Change in HDL. Linking previously generated obj files to create kernel
INFO: [USF-XSim-69] 'elaborate' step finished in '3' seconds
INFO: [USF-XSim-4] XSim::Simulate design
INFO: [USF-XSim-61] Executing 'SIMULATE' step in 'C:/Users/C27Charles.Liermann/Documents/ECE281/Labs/Prelab-quan/thirtyoneday.sim/sim_1/behav/xsim'
INFO: [USF-XSim-98] *** Running xsim
   with args "thirtyOneDayMonth_tb_behav -key {Behavioral:sim_1:Functional:thirtyOneDayMonth_tb} -tclbatch {thirtyOneDayMonth_tb.tcl} -log {simulate.log}"
INFO: [USF-XSim-8] Loading simulator feature
Time resolution is 1 ps
source thirtyOneDayMonth_tb.tcl
# set curr_wave [current_wave_config]
# if { [string length $curr_wave] == 0 } {
#   if { [llength [get_objects]] > 0} {
#     add_wave /
#     set_property needs_save false [current_wave_config]
#   } else {
#      send_msg_id Add_Wave-1 WARNING "No top level signals found. Simulator will start without a wave window. If you want to open a wave window go to 'File->New Waveform Configuration' or type 'create_wave_config' in the TCL console."
#   }
# }
# run 1000ns
Failure: error on Feb
Time: 30 ns  Iteration: 0  Process: /thirtyOneDayMonth_tb/test_process  File: C:/Users/C27Charles.Liermann/Documents/ECE281/Labs/Prelab-quan/src/thirtyOneDayMonth_tb.vhd
$finish called at time : 30 ns : File "C:/Users/C27Charles.Liermann/Documents/ECE281/Labs/Prelab-quan/src/thirtyOneDayMonth_tb.vhd" Line 98
INFO: [USF-XSim-96] XSim completed. Design snapshot 'thirtyOneDayMonth_tb_behav' loaded.
INFO: [USF-XSim-97] XSim simulation ran for 1000ns
launch_simulation: Time (s): cpu = 00:00:01 ; elapsed = 00:00:08 . Memory (MB): peak = 1155.723 ; gain = 2.016
launch_runs impl_1 -to_step write_bitstream -jobs 8
[Wed Feb  5 15:01:27 2025] Launched synth_1...
Run output will be captured here: C:/Users/C27Charles.Liermann/Documents/ECE281/Labs/Prelab-quan/thirtyoneday.runs/synth_1/runme.log
[Wed Feb  5 15:01:27 2025] Launched impl_1...
Run output will be captured here: C:/Users/C27Charles.Liermann/Documents/ECE281/Labs/Prelab-quan/thirtyoneday.runs/impl_1/runme.log
open_run impl_1
INFO: [Device 21-403] Loading part xc7a35tcpg236-1
Netlist sorting complete. Time (s): cpu = 00:00:00 ; elapsed = 00:00:00 . Memory (MB): peak = 1339.770 ; gain = 0.000
INFO: [Project 1-479] Netlist was created with Vivado 2024.2
INFO: [Project 1-570] Preparing netlist for logic optimization
Read ShapeDB Complete: Time (s): cpu = 00:00:00 ; elapsed = 00:00:00.003 . Memory (MB): peak = 1434.520 ; gain = 0.000
INFO: [Timing 38-478] Restoring timing data from binary archive.
INFO: [Timing 38-479] Binary timing data restore complete.
INFO: [Project 1-856] Restoring constraints from binary archive.
INFO: [Project 1-853] Binary constraint restore complete.
INFO: [Designutils 20-5722] Start Reading Physical Databases.
Reading placement.
Read Netlist Cache: Time (s): cpu = 00:00:00 ; elapsed = 00:00:00 . Memory (MB): peak = 1953.078 ; gain = 0.000
Reading placer database...
Read Device Cache: Time (s): cpu = 00:00:00 ; elapsed = 00:00:00.009 . Memory (MB): peak = 1953.078 ; gain = 0.000
Read PlaceDB: Time (s): cpu = 00:00:00 ; elapsed = 00:00:00.001 . Memory (MB): peak = 1953.078 ; gain = 0.000
Read PulsedLatchDB: Time (s): cpu = 00:00:00 ; elapsed = 00:00:00 . Memory (MB): peak = 1953.078 ; gain = 0.000
Reading routing.
Read RouteStorage: Time (s): cpu = 00:00:00 ; elapsed = 00:00:00.010 . Memory (MB): peak = 1953.078 ; gain = 0.000
Read Physdb Files: Time (s): cpu = 00:00:00 ; elapsed = 00:00:00.045 . Memory (MB): peak = 1953.078 ; gain = 0.000
Restored from archive | CPU: 0.000000 secs | Memory: 0.000000 MB |
Finished XDEF File Restore: Time (s): cpu = 00:00:00 ; elapsed = 00:00:00.045 . Memory (MB): peak = 1953.078 ; gain = 0.000
Netlist sorting complete. Time (s): cpu = 00:00:00 ; elapsed = 00:00:00 . Memory (MB): peak = 1953.078 ; gain = 0.000
INFO: [Project 1-111] Unisim Transformation Summary:
No Unisim elements were transformed.

open_run: Time (s): cpu = 00:00:15 ; elapsed = 00:00:17 . Memory (MB): peak = 2297.684 ; gain = 1133.918
WARNING: [Timing 38-313] There are no user specified timing constraints. Timing constraints are needed for proper timing analysis.
open_hw_manager
connect_hw_server -allow_non_jtag
INFO: [Labtools 27-2285] Connecting to hw_server url TCP:localhost:3121
INFO: [Labtools 27-2222] Launching hw_server...
INFO: [Labtools 27-2221] Launch Output:

****** Xilinx hw_server v2024.2
  **** Build date : Oct 29 2024 at 10:25:41
    ** Copyright 1986-2022 Xilinx, Inc. All Rights Reserved.


INFO: [Labtools 27-3415] Connecting to cs_server url TCP:localhost:0
INFO: [Labtools 27-3417] Launching cs_server...
INFO: [Labtools 27-2221] Launch Output:


******** Xilinx cs_server v2024.2.0
  ****** Build date   : Oct 30 2024-12:19:07
    **** Build number : 2024.2.1730312347
      ** Copyright 2017-2022 Xilinx, Inc. All Rights Reserved.
      ** Copyright 2022-2025 Advanced Micro Devices, Inc. All Rights Reserved.



connect_hw_server: Time (s): cpu = 00:00:00 ; elapsed = 00:00:15 . Memory (MB): peak = 2332.398 ; gain = 13.355
open_hw_target
INFO: [Labtoolstcl 44-466] Opening hw_target localhost:3121/xilinx_tcf/Digilent/210183AF2BD4A
set_property PROGRAM.FILE {C:/Users/C27Charles.Liermann/Documents/ECE281/Labs/Prelab-quan/thirtyoneday.runs/impl_1/thirtyOneDayMonth.bit} [get_hw_devices xc7a35t_0]
current_hw_device [get_hw_devices xc7a35t_0]
refresh_hw_device -update_hw_probes false [lindex [get_hw_devices xc7a35t_0] 0]
INFO: [Labtools 27-1434] Device xc7a35t (JTAG device index = 0) is programmed with a design that has no supported debug core(s) in it.
set_property PROBES.FILE {} [get_hw_devices xc7a35t_0]
set_property FULL_PROBES.FILE {} [get_hw_devices xc7a35t_0]
set_property PROGRAM.FILE {C:/Users/C27Charles.Liermann/Documents/ECE281/Labs/Prelab-quan/thirtyoneday.runs/impl_1/thirtyOneDayMonth.bit} [get_hw_devices xc7a35t_0]
program_hw_devices [get_hw_devices xc7a35t_0]
INFO: [Labtools 27-3164] End of startup status: HIGH
refresh_hw_device [lindex [get_hw_devices xc7a35t_0] 0]
INFO: [Labtools 27-1434] Device xc7a35t (JTAG device index = 0) is programmed with a design that has no supported debug core(s) in it.
ERROR: [Labtoolstcl 44-513] HW Target shutdown. Closing target: localhost:3121/xilinx_tcf/Digilent/210183AF2BD4A
The simulator has terminated in an unexpected manner with exit code 1073807364.  Please review the simulation log (xsim.log) for details.
ERROR: [Labtoolstcl 44-695] CS Server shut down, disconnecting from server: localhost:3121
